     1                                  	CYLS EQU 10 ; 読み込みシリンダ数
     2                                  	ORG 0x7c00  ; プログラム読み込み位置
     3 00000000 EB50                    	JMP entry   ; entryに移動
     4                                  
     5                                  ;FAT12フォーマットのフロッピーディスク
     6 00000002 EB4E90                  	DB 0xeb, 0x4e, 0x90
     7 00000005 48454C4C4F49504C        	DB "HELLOIPL"    ; ブートセクタ名（8バイト）
     8 0000000D 0002                    	DW 512           ; 1セクタの大きさ
     9 0000000F 01                      	DB 1             ; クラスタの大きさ
    10 00000010 0100                    	DW 1             ; 開始セクタ番号
    11 00000012 02                      	DB 2             ; FAT数
    12 00000013 E000                    	DW 224           ; ルートディレクトリ領域の大きさ
    13 00000015 400B                    	DW 2880          ; ドライブ容量
    14 00000017 0F                      	DB 0x0f          ; メディアタイプ
    15 00000018 0900                    	DW 9             ; FAT領域の長さ
    16 0000001A 1200                    	DW 18            ; 1トラックに存在するセクタ数
    17 0000001C 0200                    	DW 2             ; ヘッド数
    18 0000001E 00000000                	DD 0             ; パーティション
    19 00000022 400B0000                	DD 2880          ; ドライブ容量
    20 00000026 000029                  	DB 0, 0, 0x29    ; 
    21 00000029 FFFFFFFF                	DD 0xffffffff    ; ボリュームシリアル番号
    22 0000002D 48454C4C4F2D4F5320-     	DB "HELLO-OS   " ; ディスク名（11バイト）
    22 00000036 2020               
    23 00000038 4641543132202020        	DB "FAT12   "    ; フォーマット名（8バイト）
    24 00000040 00<rept>                	TIMES 18 DB 0    ; 18バイト0埋め
    25                                  
    26                                  entry:
    27 00000052 B80000                  	MOV AX, 0      ; アキュムレータに0を代入
    28 00000055 8ED0                    	MOV SS, AX     ; スタックセグメントにアキュムレータの値を代入
    29 00000057 BC007C                  	MOV SP, 0x7c00 ; スタックポインタに0x7c00を代入
    30 0000005A 8ED8                    	MOV DS, AX     ; データセグメントにアキュムレータの値を代入
    31                                  
    32                                  	;ディスクを読み込む
    33 0000005C B82008                  	MOV AX, 0x0820 ; アキュムレータに0x0820を代入
    34 0000005F 8EC0                    	MOV ES, AX     ; エクストラセグメントにアキュムレータの値を代入
    35 00000061 B500                    	MOV CH, 0      ; カウンタハイに0を代入
    36 00000063 B600                    	MOV DH, 0      ; データハイに0を代入
    37 00000065 B102                    	MOV CL, 2      ; カウンタロウに2を代入
    38                                  
    39                                  readloop:
    40 00000067 BE0000                  	MOV SI, 0      ; 失敗回数記録
    41                                  
    42                                  retry:
    43 0000006A B402                    	MOV AH, 0x02 ; アキュムレータハイに0x02を代入
    44 0000006C B001                    	MOV AL, 1    ; アキュムレータロウに1を代入
    45 0000006E BB0000                  	MOV BX, 0    ; ベースに0を代入
    46 00000071 B200                    	MOV DL, 0x00 ; データロウに0x00を代入
    47 00000073 CD13                    	INT 0x13     ; 割り込み（ディスク制御）
    48 00000075 7310                    	JNC next     ; エラーが出なかったらnextに移動
    49                                  
    50 00000077 83C601                  	ADD SI, 1    ; ソースインデックスをインクリメント
    51 0000007A 83FE05                  	CMP SI, 5    ; ソースインデックスと「5」を比較
    52 0000007D 7332                    	JAE error    ; SI >= 5ならerrorに移動
    53                                  
    54 0000007F B000                    	MOV AL, 0x00 ; アキュムレータハイに0x00を代入
    55 00000081 B200                    	MOV DL, 0x00 ; データロウに0x00を代入
    56 00000083 CD13                    	INT 0x13     ; 割り込み（システムのリセット）
    57 00000085 EBE3                    	JMP retry    ; ループ
    58                                  
    59                                  next:
    60 00000087 8CC0                    	MOV AX, ES     ; アキュムレーターにエクストラセグメントの値を代入
    61 00000089 83C020                  	ADD AX, 0x0020 ; アキュムレーターに0x0020を加算
    62 0000008C 8EC0                    	MOV ES, AX     ; エクストラセグメントにアキュムレータの値を代入
    63 0000008E 80C101                  	ADD CL, 1      ; カウンタロウをインクリメント
    64 00000091 80F912                  	CMP CL, 18     ; カウンタロウと「18」を比較
    65 00000094 76D1                    	JBE readloop   ; CL <= 18ならreadloopに移動
    66                                  
    67 00000096 B101                    	MOV CL, 1      ; カウンタロウに1を代入
    68 00000098 80C601                  	ADD DH, 1      ; データハイをインクリメント
    69 0000009B 80FE02                  	CMP DH, 2      ; データハイと「2」を比較
    70 0000009E 72C7                    	JB readloop    ; DH < 2ならreadloopに移動
    71                                  
    72 000000A0 B600                    	MOV DH, 0      ; データハイに0を代入
    73 000000A2 80C501                  	ADD CH, 1      ; カウンタハイをインクリメント
    74 000000A5 80FD0A                  	CMP CH, CYLS   ; データハイとCYLSを比較
    75 000000A8 72BD                    	JB readloop    ; CH < CYLSならreadloopに移動
    76                                  
    77 000000AA 882EF00F                	MOV [0x0ff0], CH ; IPLがどこまで読んだのかをメモ
    78 000000AE E9(00C2)                	JMP 0xc200       ; OS実行
    79                                  
    80                                  error:
    81 000000B1 B80000                  	MOV AX, 0   ; アキュムレーに0を代入
    82 000000B4 8EC0                    	MOV ES, AX  ; エクストラセグメントにアキュムレータの値を代入
    83 000000B6 BE[CE00]                	MOV SI, msg ; ソースインデックスにmsgの値を代入
    84                                  
    85                                  putloop:
    86 000000B9 8A04                    	MOV AL, [SI] ; アキュムレータハイにソースインデックスのメモリ代入
    87 000000BB 83C601                  	ADD SI, 1    ; ソースインデックスをインクリメント
    88 000000BE 3C00                    	CMP AL, 0    ; アキュムレータハイと「0」を比較
    89 000000C0 7409                    	JE fin       ; (AL == 0)ならfinに移動
    90                                  	
    91 000000C2 B40E                    	MOV AH, 0x0e ; アキュムレータハイに0x0eを代入
    92 000000C4 BB0F00                  	MOV BX, 15   ; ベースに15を代入
    93 000000C7 CD10                    	INT 0x10     ; 割り込み（ビデオ制御）
    94 000000C9 EBEE                    	JMP putloop  ; putloopに移動
    95                                  
    96                                  fin:
    97 000000CB F4                      	HLT     ; CPU待機
    98 000000CC EBFD                    	JMP fin ; ループ
    99                                  
   100                                  msg:
   101 000000CE 0A0A                    	DB 0x0a, 0x0a                         ; 
   102 000000D0 4C6F6164204572726F-     	DB "Load Error"                       ; 
   102 000000D9 72                 
   103 000000DA 0A                      	DB 0x0a                               ; 
   104 000000DB 00                      	DB 0                                  ; 
   105                                  
   106 000000DC 00<rept>                	TIMES 0x7dfe - 0x7c00 - ($ - $$) DB 0 ; 現在のアドレスから0x1feまで0埋め
   107 000001FE 55AA                    	DB 0x55, 0xaa                         ; 
