     1                                  ;FAT12フォーマットのフロッピーディスク
     2 00000000 EB4E90                  	DB 0xeb, 0x4e, 0x90
     3 00000003 48454C4C4F49504C        	DB "HELLOIPL"    ; ブートセクタ名（8バイト）
     4 0000000B 0002                    	DW 512           ; 1セクタの大きさ
     5 0000000D 01                      	DB 1             ; クラスタの大きさ
     6 0000000E 0100                    	DW 1             ; 開始セクタ番号
     7 00000010 02                      	DB 2             ; FAT数
     8 00000011 E000                    	DW 224           ; ルートディレクトリ領域の大きさ
     9 00000013 400B                    	DW 2880          ; ドライブ容量
    10 00000015 0F                      	DB 0x0f          ; メディアタイプ
    11 00000016 0900                    	DW 9             ; FAT領域の長さ
    12 00000018 1200                    	DW 18            ; 1トラックに存在するセクタ数
    13 0000001A 0200                    	DW 2             ; ヘッド数
    14 0000001C 00000000                	DD 0             ; パーティション
    15 00000020 400B0000                	DD 2880          ; ドライブ容量
    16 00000024 000029                  	DB 0, 0, 0x29    ; 
    17 00000027 FFFFFFFF                	DD 0xffffffff    ; ボリュームシリアル番号
    18 0000002B 48454C4C4F2D4F5320-     	DB "HELLO-OS   " ; ディスク名（11バイト）
    18 00000034 2020               
    19 00000036 4641543132202020        	DB "FAT12   "    ; フォーマット名（8バイト）
    20 0000003E 00<rept>                	TIMES 18 DB 0    ; 18バイト0埋め
    21                                  	
    22                                  ;プログラム本体
    23 00000050 B800008ED0BC007C        	DB 0xb8, 0x00, 0x00, 0x8e, 0xd0, 0xbc, 0x00, 0x7c
    24 00000058 8ED88EC0BE747C8A        	DB 0x8e, 0xd8, 0x8e, 0xc0, 0xbe, 0x74, 0x7c, 0x8a
    25 00000060 0483C6013C007409        	DB 0x04, 0x83, 0xc6, 0x01, 0x3c, 0x00, 0x74, 0x09
    26 00000068 B40EBB0F00CD10EB        	DB 0xb4, 0x0e, 0xbb, 0x0f, 0x00, 0xcd, 0x10, 0xeb
    27 00000070 EEF4EBFD                	DB 0xee, 0xf4, 0xeb, 0xfd
    28                                  	
    29                                  ;メッセージ部分
    30 00000074 0A0A                    	DB 0x0a, 0x0a               ; 改行
    31 00000076 48656C6C6F20576F72-     	DB "Hello World!"           ; メッセージ
    31 0000007F 6C6421             
    32 00000082 0A                      	DB 0x0a                     ; 改行
    33 00000083 00                      	DB 0
    34                                  	
    35 00000084 00<rept>                	TIMES 0x1fe - ($ - $$) DB 0 ; 現在のアドレスから0x1feまで0埋め
    36 000001FE 55AA                    	DB 0x55, 0xaa
    37                                  	
    38                                  ;ブートセクタ以外の部分
    39 00000200 F0FFFF0000000000        	DB 0xf0, 0xff, 0xff, 0x00, 0x00, 0x00, 0x00, 0x00
    40 00000208 00<rept>                	TIMES 4600 DB 0
    41 00001400 F0FFFF0000000000        	DB 0xf0, 0xff, 0xff, 0x00, 0x00, 0x00, 0x00, 0x00
    42 00001408 00<rept>                	TIMES 1469432 DB 0
